# Logfile created on 2014-01-21 12:28:14 +0100 by logger.rb/41954
I, [2014-01-21T12:28:14.358739 #16975]  INFO -- : 0:  rake (10.1.1) from /Users/Max/.rbenv/versions/2.0.0-p353/lib/ruby/gems/2.0.0/specifications/rake-10.1.1.gemspec
I, [2014-01-21T12:28:14.359322 #16975]  INFO -- : 0:  addressable (2.3.5) from /Users/Max/.rbenv/versions/2.0.0-p353/lib/ruby/gems/2.0.0/specifications/addressable-2.3.5.gemspec
I, [2014-01-21T12:28:14.359795 #16975]  INFO -- : 0:  bcrypt-ruby (3.1.2) from /Users/Max/.rbenv/versions/2.0.0-p353/lib/ruby/gems/2.0.0/specifications/bcrypt-ruby-3.1.2.gemspec
I, [2014-01-21T12:28:14.360120 #16975]  INFO -- : 0:  dm-core (1.2.1) from /Users/Max/.rbenv/versions/2.0.0-p353/lib/ruby/gems/2.0.0/specifications/dm-core-1.2.1.gemspec
I, [2014-01-21T12:28:14.360480 #16975]  INFO -- : 0:  dm-aggregates (1.2.0) from /Users/Max/.rbenv/versions/2.0.0-p353/lib/ruby/gems/2.0.0/specifications/dm-aggregates-1.2.0.gemspec
I, [2014-01-21T12:28:14.360775 #16975]  INFO -- : 0:  dm-constraints (1.2.0) from /Users/Max/.rbenv/versions/2.0.0-p353/lib/ruby/gems/2.0.0/specifications/dm-constraints-1.2.0.gemspec
I, [2014-01-21T12:28:14.361079 #16975]  INFO -- : 0:  dm-migrations (1.2.0) from /Users/Max/.rbenv/versions/2.0.0-p353/lib/ruby/gems/2.0.0/specifications/dm-migrations-1.2.0.gemspec
I, [2014-01-21T12:28:14.361386 #16975]  INFO -- : 0:  fastercsv (1.5.5) from /Users/Max/.rbenv/versions/2.0.0-p353/lib/ruby/gems/2.0.0/specifications/fastercsv-1.5.5.gemspec
I, [2014-01-21T12:28:14.361705 #16975]  INFO -- : 0:  json (1.8.1) from /Users/Max/.rbenv/versions/2.0.0-p353/lib/ruby/gems/2.0.0/specifications/json-1.8.1.gemspec
I, [2014-01-21T12:28:14.362005 #16975]  INFO -- : 0:  json_pure (1.8.1) from /Users/Max/.rbenv/versions/2.0.0-p353/lib/ruby/gems/2.0.0/specifications/json_pure-1.8.1.gemspec
I, [2014-01-21T12:28:15.625300 #16975]  INFO -- : 0:  multi_json (1.8.4) from /Users/Max/.rbenv/versions/2.0.0-p353/lib/ruby/gems/2.0.0/specifications/multi_json-1.8.4.gemspec
I, [2014-01-21T12:28:15.625989 #16975]  INFO -- : 0:  dm-serializer (1.2.2) from /Users/Max/.rbenv/versions/2.0.0-p353/lib/ruby/gems/2.0.0/specifications/dm-serializer-1.2.2.gemspec
I, [2014-01-21T12:28:15.626422 #16975]  INFO -- : 0:  dm-timestamps (1.2.0) from /Users/Max/.rbenv/versions/2.0.0-p353/lib/ruby/gems/2.0.0/specifications/dm-timestamps-1.2.0.gemspec
I, [2014-01-21T12:28:15.626876 #16975]  INFO -- : 0:  dm-transactions (1.2.0) from /Users/Max/.rbenv/versions/2.0.0-p353/lib/ruby/gems/2.0.0/specifications/dm-transactions-1.2.0.gemspec
I, [2014-01-21T12:28:15.627326 #16975]  INFO -- : 0:  stringex (1.5.1) from /Users/Max/.rbenv/versions/2.0.0-p353/lib/ruby/gems/2.0.0/specifications/stringex-1.5.1.gemspec
I, [2014-01-21T12:28:15.627692 #16975]  INFO -- : 0:  uuidtools (2.1.4) from /Users/Max/.rbenv/versions/2.0.0-p353/lib/ruby/gems/2.0.0/specifications/uuidtools-2.1.4.gemspec
I, [2014-01-21T12:28:15.628062 #16975]  INFO -- : 0:  dm-types (1.2.2) from /Users/Max/.rbenv/versions/2.0.0-p353/lib/ruby/gems/2.0.0/specifications/dm-types-1.2.2.gemspec
I, [2014-01-21T12:28:15.628445 #16975]  INFO -- : 0:  dm-validations (1.2.0) from /Users/Max/.rbenv/versions/2.0.0-p353/lib/ruby/gems/2.0.0/specifications/dm-validations-1.2.0.gemspec
I, [2014-01-21T12:28:15.628814 #16975]  INFO -- : 0:  data_mapper (1.2.0) from /Users/Max/.rbenv/versions/2.0.0-p353/lib/ruby/gems/2.0.0/specifications/data_mapper-1.2.0.gemspec
I, [2014-01-21T12:28:15.629185 #16975]  INFO -- : 0:  data_objects (0.10.13) from /Users/Max/.rbenv/versions/2.0.0-p353/lib/ruby/gems/2.0.0/specifications/data_objects-0.10.13.gemspec
I, [2014-01-21T12:28:15.629549 #16975]  INFO -- : 0:  dm-do-adapter (1.2.0) from /Users/Max/.rbenv/versions/2.0.0-p353/lib/ruby/gems/2.0.0/specifications/dm-do-adapter-1.2.0.gemspec
I, [2014-01-21T12:28:15.629931 #16975]  INFO -- : 0:  do_sqlite3 (0.10.13) from /Users/Max/.rbenv/versions/2.0.0-p353/lib/ruby/gems/2.0.0/specifications/do_sqlite3-0.10.13.gemspec
I, [2014-01-21T12:28:15.630290 #16975]  INFO -- : 0:  dm-sqlite-adapter (1.2.0) from /Users/Max/.rbenv/versions/2.0.0-p353/lib/ruby/gems/2.0.0/specifications/dm-sqlite-adapter-1.2.0.gemspec
I, [2014-01-21T12:28:15.630681 #16975]  INFO -- : 0:  ffi (1.9.3) from /Users/Max/.rbenv/versions/2.0.0-p353/lib/ruby/gems/2.0.0/specifications/ffi-1.9.3.gemspec
I, [2014-01-21T12:28:16.873050 #16975]  INFO -- : 0:  rb-fsevent (0.9.4) from /Users/Max/.rbenv/versions/2.0.0-p353/lib/ruby/gems/2.0.0/specifications/rb-fsevent-0.9.4.gemspec
I, [2014-01-21T12:28:16.873632 #16975]  INFO -- : 0:  rb-inotify (0.9.3) from /Users/Max/.rbenv/versions/2.0.0-p353/lib/ruby/gems/2.0.0/specifications/rb-inotify-0.9.3.gemspec
I, [2014-01-21T12:28:16.873961 #16975]  INFO -- : 0:  rb-kqueue (0.2.0) from /Users/Max/.rbenv/versions/2.0.0-p353/lib/ruby/gems/2.0.0/specifications/rb-kqueue-0.2.0.gemspec
I, [2014-01-21T12:28:16.874280 #16975]  INFO -- : 0:  listen (1.0.3) from /Users/Max/.rbenv/versions/2.0.0-p353/lib/ruby/gems/2.0.0/specifications/listen-1.0.3.gemspec
I, [2014-01-21T12:28:16.874590 #16975]  INFO -- : 0:  rack (1.5.2) from /Users/Max/.rbenv/versions/2.0.0-p353/lib/ruby/gems/2.0.0/specifications/rack-1.5.2.gemspec
I, [2014-01-21T12:28:16.874908 #16975]  INFO -- : 0:  rerun (0.8.2) from /Users/Max/.rbenv/versions/2.0.0-p353/lib/ruby/gems/2.0.0/specifications/rerun-0.8.2.gemspec
I, [2014-01-21T12:28:16.875227 #16975]  INFO -- : 0:  sinatra (1.0) from /Users/Max/.rbenv/versions/2.0.0-p353/lib/ruby/gems/2.0.0/specifications/sinatra-1.0.gemspec
I, [2014-01-21T12:28:16.875542 #16975]  INFO -- : 0:  temple (0.6.7) from /Users/Max/.rbenv/versions/2.0.0-p353/lib/ruby/gems/2.0.0/specifications/temple-0.6.7.gemspec
I, [2014-01-21T12:28:16.875857 #16975]  INFO -- : 0:  tilt (2.0.0) from /Users/Max/.rbenv/versions/2.0.0-p353/lib/ruby/gems/2.0.0/specifications/tilt-2.0.0.gemspec
I, [2014-01-21T12:28:16.876168 #16975]  INFO -- : 0:  slim (2.0.2) from /Users/Max/.rbenv/versions/2.0.0-p353/lib/ruby/gems/2.0.0/specifications/slim-2.0.2.gemspec
I, [2014-01-21T12:28:16.876470 #16975]  INFO -- : 0:  bundler (1.5.0) from /Users/Max/.gem/ruby/2.0.0/specifications/bundler-1.5.0.gemspec
